#
# There is insufficient memory for the Java Runtime Environment to continue.
# Native memory allocation (mmap) failed to map 260046848 bytes for G1 virtual space
# Possible reasons:
#   The system is out of physical RAM or swap space
#   The process is running with CompressedOops enabled, and the Java Heap may be blocking the growth of the native heap
# Possible solutions:
#   Reduce memory load on the system
#   Increase physical memory or swap space
#   Check if swap backing store is full
#   Decrease Java heap size (-Xmx/-Xms)
#   Decrease number of Java threads
#   Decrease Java thread stack sizes (-Xss)
#   Set larger code cache with -XX:ReservedCodeCacheSize=
#   JVM is running with Zero Based Compressed Oops mode in which the Java heap is
#     placed in the first 32GB address space. The Java Heap base address is the
#     maximum limit for the native heap growth. Please use -XX:HeapBaseMinAddress
#     to set the Java Heap base and to place the Java Heap above 32GB virtual address.
# This output file may be truncated or incomplete.
#
#  Out of Memory Error (os_windows.cpp:3469), pid=30552, tid=30572
#
# JRE version:  (17.0+35) (build )
# Java VM: Java HotSpot(TM) 64-Bit Server VM (17+35-LTS-2724, mixed mode, sharing, tiered, compressed oops, compressed class ptrs, g1 gc, windows-amd64)
# No core dump will be written. Minidumps are not enabled by default on client versions of Windows
#

---------------  S U M M A R Y ------------

Command Line: C:\Users\Hamdan aja\AppData\Local\Temp\surefire15634411767537354890\surefirebooter-20241024204556176_3.jar C:\Users\Hamdan aja\AppData\Local\Temp\surefire15634411767537354890 2024-10-24T20-45-56_044-jvmRun1 surefire-20241024204556176_1tmp surefire_0-20241024204556176_2tmp

Host: AMD Ryzen 7 5800H with Radeon Graphics         , 16 cores, 15G,  Windows 10 , 64 bit Build 19041 (10.0.19041.4957)
Time: Thu Oct 24 20:45:56 2024 SE Asia Standard Time elapsed time: 0.007363 seconds (0d 0h 0m 0s)

---------------  T H R E A D  ---------------

Current thread (0x000001bb3930b770):  JavaThread "Unknown thread" [_thread_in_vm, id=30572, stack(0x000000161df00000,0x000000161e000000)]

Stack: [0x000000161df00000,0x000000161e000000]
Native frames: (J=compiled Java code, j=interpreted, Vv=VM code, C=native code)
V  [jvm.dll+0x66f8ea]
V  [jvm.dll+0x7ce224]
V  [jvm.dll+0x7cf9ce]
V  [jvm.dll+0x7d0033]
V  [jvm.dll+0x242bb5]
V  [jvm.dll+0x66c909]
V  [jvm.dll+0x6613d2]
V  [jvm.dll+0x30082b]
V  [jvm.dll+0x307db6]
V  [jvm.dll+0x357a0e]
V  [jvm.dll+0x357c3f]
V  [jvm.dll+0x2d7ae8]
V  [jvm.dll+0x2d8a54]
V  [jvm.dll+0x7a00a1]
V  [jvm.dll+0x365781]
V  [jvm.dll+0x77f59c]
V  [jvm.dll+0x3e805f]
V  [jvm.dll+0x3e9b01]
C  [jli.dll+0x527b]
C  [ucrtbase.dll+0x21bb2]
C  [KERNEL32.DLL+0x17374]
C  [ntdll.dll+0x4cc91]


---------------  P R O C E S S  ---------------

Threads class SMR info:
_java_thread_list=0x00007ffd1c8f7818, length=0, elements={
}

Java Threads: ( => current thread )

Other Threads:
  0x000001bb3b3c6330 GCTaskThread "GC Thread#0" [stack: 0x000000161e000000,0x000000161e100000] [id=30576]
  0x000001bb3b3d7810 ConcurrentGCThread "G1 Main Marker" [stack: 0x000000161e100000,0x000000161e200000] [id=30580]
  0x000001bb3b3da7e0 ConcurrentGCThread "G1 Conc#0" [stack: 0x000000161e200000,0x000000161e300000] [id=30584]

[error occurred during error reporting (printing all threads), id 0xc0000005, EXCEPTION_ACCESS_VIOLATION (0xc0000005) at pc=0x00007ffd1c1484c7]

VM state: not at safepoint (not fully initialized)

VM Mutex/Monitor currently owned by a thread:  ([mutex/lock_event])
[0x000001bb3b3772a0] Heap_lock - owner thread: 0x000001bb3930b770

Heap address: 0x0000000709800000, size: 3944 MB, Compressed Oops mode: Zero based, Oop shift amount: 3

CDS archive(s) mapped at: [0x0000000000000000-0x0000000000000000-0x0000000000000000), size 0, SharedBaseAddress: 0x0000000800000000, ArchiveRelocationMode: 0.
Narrow klass base: 0x0000000000000000, Narrow klass shift: 0, Narrow klass range: 0x0

GC Precious Log:
<Empty>

Heap:
 garbage-first heap   total 0K, used 0K [0x0000000709800000, 0x0000000800000000)
  region size 2048K, 0 young (0K), 0 survivors (0K)

[error occurred during error reporting (printing heap information), id 0xc0000005, EXCEPTION_ACCESS_VIOLATION (0xc0000005) at pc=0x00007ffd1c528c59]

GC Heap History (0 events):
No events

Deoptimization events (0 events):
No events

Classes unloaded (0 events):
No events

Classes redefined (0 events):
No events

Internal exceptions (0 events):
No events

VM Operations (0 events):
No events

Events (1 events):
Event: 0.004 Loaded shared library C:\Program Files\Java\jdk-17\bin\java.dll


Dynamic libraries:
0x00007ff7a5600000 - 0x00007ff7a5610000 	C:\Program Files\Java\jdk-17\bin\java.exe
0x00007ffd7dad0000 - 0x00007ffd7dcc8000 	C:\WINDOWS\SYSTEM32\ntdll.dll
0x00007ffd7d720000 - 0x00007ffd7d7e2000 	C:\WINDOWS\System32\KERNEL32.DLL
0x00007ffd7b510000 - 0x00007ffd7b80e000 	C:\WINDOWS\System32\KERNELBASE.dll
0x00007ffd7b8d0000 - 0x00007ffd7b9d0000 	C:\WINDOWS\System32\ucrtbase.dll
0x00007ffd764e0000 - 0x00007ffd764fa000 	C:\Program Files\Java\jdk-17\bin\VCRUNTIME140.dll
0x00007ffd764c0000 - 0x00007ffd764d8000 	C:\Program Files\Java\jdk-17\bin\jli.dll
0x00007ffd7d890000 - 0x00007ffd7d942000 	C:\WINDOWS\System32\ADVAPI32.dll
0x00007ffd7c190000 - 0x00007ffd7c22e000 	C:\WINDOWS\System32\msvcrt.dll
0x00007ffd7d300000 - 0x00007ffd7d3a0000 	C:\WINDOWS\System32\sechost.dll
0x00007ffd7ca50000 - 0x00007ffd7cb73000 	C:\WINDOWS\System32\RPCRT4.dll
0x00007ffd7b2e0000 - 0x00007ffd7b307000 	C:\WINDOWS\System32\bcrypt.dll
0x00007ffd7d160000 - 0x00007ffd7d2fd000 	C:\WINDOWS\System32\USER32.dll
0x00007ffd7b810000 - 0x00007ffd7b832000 	C:\WINDOWS\System32\win32u.dll
0x00007ffd6bcd0000 - 0x00007ffd6bf6a000 	C:\WINDOWS\WinSxS\amd64_microsoft.windows.common-controls_6595b64144ccf1df_6.0.19041.4355_none_60b8b9eb71f62e16\COMCTL32.dll
0x00007ffd7d950000 - 0x00007ffd7d97b000 	C:\WINDOWS\System32\GDI32.dll
0x00007ffd7b9d0000 - 0x00007ffd7bae7000 	C:\WINDOWS\System32\gdi32full.dll
0x00007ffd7b310000 - 0x00007ffd7b3ad000 	C:\WINDOWS\System32\msvcp_win.dll
0x00007ffd72ca0000 - 0x00007ffd72caa000 	C:\WINDOWS\SYSTEM32\VERSION.dll
0x00007ffd7c240000 - 0x00007ffd7c26f000 	C:\WINDOWS\System32\IMM32.DLL
0x00007ffd77460000 - 0x00007ffd7746c000 	C:\Program Files\Java\jdk-17\bin\vcruntime140_1.dll
0x00007ffd3c0e0000 - 0x00007ffd3c16d000 	C:\Program Files\Java\jdk-17\bin\msvcp140.dll
0x00007ffd1be60000 - 0x00007ffd1ca1e000 	C:\Program Files\Java\jdk-17\bin\server\jvm.dll
0x00007ffd7d7f0000 - 0x00007ffd7d7f8000 	C:\WINDOWS\System32\PSAPI.DLL
0x00007ffd618e0000 - 0x00007ffd618e9000 	C:\WINDOWS\SYSTEM32\WSOCK32.dll
0x00007ffd71000000 - 0x00007ffd71027000 	C:\WINDOWS\SYSTEM32\WINMM.dll
0x00007ffd7d090000 - 0x00007ffd7d0fb000 	C:\WINDOWS\System32\WS2_32.dll
0x00007ffd78fd0000 - 0x00007ffd78fe2000 	C:\WINDOWS\SYSTEM32\kernel.appcore.dll
0x00007ffd75310000 - 0x00007ffd7531a000 	C:\Program Files\Java\jdk-17\bin\jimage.dll
0x00007ffd716a0000 - 0x00007ffd71884000 	C:\WINDOWS\SYSTEM32\DBGHELP.DLL
0x00007ffd70490000 - 0x00007ffd704c4000 	C:\WINDOWS\SYSTEM32\dbgcore.DLL
0x00007ffd7b840000 - 0x00007ffd7b8c2000 	C:\WINDOWS\System32\bcryptPrimitives.dll
0x00007ffd739f0000 - 0x00007ffd73a15000 	C:\Program Files\Java\jdk-17\bin\java.dll

dbghelp: loaded successfully - version: 4.0.5 - missing functions: none
symbol engine: initialized successfully - sym options: 0x614 - pdb path: .;C:\Program Files\Java\jdk-17\bin;C:\WINDOWS\SYSTEM32;C:\WINDOWS\WinSxS\amd64_microsoft.windows.common-controls_6595b64144ccf1df_6.0.19041.4355_none_60b8b9eb71f62e16;C:\Program Files\Java\jdk-17\bin\server

VM Arguments:
java_command: C:\Users\Hamdan aja\AppData\Local\Temp\surefire15634411767537354890\surefirebooter-20241024204556176_3.jar C:\Users\Hamdan aja\AppData\Local\Temp\surefire15634411767537354890 2024-10-24T20-45-56_044-jvmRun1 surefire-20241024204556176_1tmp surefire_0-20241024204556176_2tmp
java_class_path (initial): C:\Users\Hamdan aja\AppData\Local\Temp\surefire15634411767537354890\surefirebooter-20241024204556176_3.jar
Launcher Type: SUN_STANDARD

[Global flags]
     intx CICompilerCount                          = 12                                        {product} {ergonomic}
     uint ConcGCThreads                            = 3                                         {product} {ergonomic}
     uint G1ConcRefinementThreads                  = 13                                        {product} {ergonomic}
   size_t G1HeapRegionSize                         = 2097152                                   {product} {ergonomic}
    uintx GCDrainStackTargetSize                   = 64                                        {product} {ergonomic}
   size_t InitialHeapSize                          = 260046848                                 {product} {ergonomic}
   size_t MarkStackSize                            = 4194304                                   {product} {ergonomic}
   size_t MaxHeapSize                              = 4135583744                                {product} {ergonomic}
   size_t MinHeapDeltaBytes                        = 2097152                                   {product} {ergonomic}
   size_t MinHeapSize                              = 8388608                                   {product} {ergonomic}
    uintx NonNMethodCodeHeapSize                   = 7602480                                {pd product} {ergonomic}
    uintx NonProfiledCodeHeapSize                  = 122027880                              {pd product} {ergonomic}
    uintx ProfiledCodeHeapSize                     = 122027880                              {pd product} {ergonomic}
    uintx ReservedCodeCacheSize                    = 251658240                              {pd product} {ergonomic}
     bool SegmentedCodeCache                       = true                                      {product} {ergonomic}
   size_t SoftMaxHeapSize                          = 4135583744                             {manageable} {ergonomic}
     bool UseCompressedClassPointers               = true                           {product lp64_product} {ergonomic}
     bool UseCompressedOops                        = true                           {product lp64_product} {ergonomic}
     bool UseG1GC                                  = true                                      {product} {ergonomic}
     bool UseLargePagesIndividualAllocation        = false                                  {pd product} {ergonomic}

Logging:
Log output configuration:
 #0: stdout all=warning uptime,level,tags
 #1: stderr all=off uptime,level,tags

Environment Variables:
PATH=C:\Program Files\Common Files\Oracle\Java\javapath;C:\Windows\system32;C:\Windows;C:\Windows\System32\Wbem;C:\Windows\System32\WindowsPowerShell\v1.0\;C:\Windows\System32\OpenSSH\;C:\Program Files (x86)\NVIDIA Corporation\PhysX\Common;C:\Program Files\NVIDIA Corporation\NVIDIA NvDLISR;C:\WINDOWS\system32;C:\WINDOWS;C:\WINDOWS\System32\Wbem;C:\WINDOWS\System32\WindowsPowerShell\v1.0\;C:\WINDOWS\System32\OpenSSH\;C:\Program Files\dotnet\;D:\idm\Compressed\php-8.3.7-Win32-vs16-x64;C:\ProgramData\ComposerSetup\bin;C:\Program Files\Git\cmd;C:\Program Files\Maven\apache-maven-3.9.8;C:\Users\Hamdan aja\Downloads\sonar-scanner-cli-6.1.0.4477-windows-x64\sonar-scanner-6.1.0.4477-windows-x64\bin;C:\Users\Hamdan aja\AppData\Local\Programs\Python\Python312;C:\Users\Hamdan aja\AppData\Roaming\Python\Python312\site-packages;C:\Program Files\nodejs\;%AppData%\npm;C:\Program Files\nodejs\;C:\Program Files\OpenSSL-Win64\bin;C:\Program Files\Cloudflare\Cloudflare WARP\;C:\Program Files\MySQL\MySQL Shell 8.0\bin\;C:\Users\Hamdan aja\AppData\Local\Programs\Python\Python312\Scripts\;C:\Users\Hamdan aja\AppData\Local\Programs\Python\Python312\;C:\Users\Hamdan aja\AppData\Local\Microsoft\WindowsApps;C:\Users\Hamdan aja\AppData\Roaming\Composer\vendor\bin;C:\Users\Hamdan aja\AppData\Local\Programs\Microsoft VS Code\bin;C:\Program Files\JetBrains\PyCharm 2024.1.2\bin;;C:\dart-sdk\bin;C:\Program Files\Maven\apache-maven-3.9.8;C:\Program Files\Maven\apache-maven-3.9.8\bin;C:\Program Files\JetBrains\IntelliJ IDEA Community Edition 2024.1.4\bin;;C:\Users\Hamdan aja\AppData\Local\GitHubDesktop\bin;C:\Users\Hamdan aja\AppData\Roaming\Python\Python312\site-packages;C:\Users\Hamdan aja\AppData\Local\Microsoft\WinGet\Packages\Schniz.fnm_Microsoft.Winget.Source_8wekyb3d8bbwe;C:\Users\Hamdan aja\AppData\Roaming\npm
USERNAME=Hamdan aja
OS=Windows_NT
PROCESSOR_IDENTIFIER=AMD64 Family 25 Model 80 Stepping 0, AuthenticAMD



---------------  S Y S T E M  ---------------

OS:
 Windows 10 , 64 bit Build 19041 (10.0.19041.4957)
OS uptime: 0 days 20:43 hours

CPU: total 16 (initial active 16) (16 cores per cpu, 2 threads per core) family 25 model 80 stepping 0 microcode 0x0, cx8, cmov, fxsr, ht, mmx, 3dnowpref, sse, sse2, sse3, ssse3, sse4a, sse4.1, sse4.2, popcnt, lzcnt, tsc, tscinvbit, avx, avx2, aes, erms, clmul, bmi1, bmi2, adx, sha, fma, vzeroupper, clflush, clflushopt

Memory: 4k page, system-wide physical 15773M (609M free)
TotalPageFile size 22290M (AvailPageFile size 20M)
current process WorkingSet (physical memory assigned to process): 10M, peak: 10M
current process commit charge ("private bytes"): 70M, peak: 318M

vm_info: Java HotSpot(TM) 64-Bit Server VM (17+35-LTS-2724) for windows-amd64 JRE (17+35-LTS-2724), built on Aug  5 2021 23:28:28 by "mach5one" with MS VC++ 16.8 (VS2019)

END.
