#
# There is insufficient memory for the Java Runtime Environment to continue.
# Native memory allocation (malloc) failed to allocate 1708800 bytes for Chunk::new
# Possible reasons:
#   The system is out of physical RAM or swap space
#   The process is running with CompressedOops enabled, and the Java Heap may be blocking the growth of the native heap
# Possible solutions:
#   Reduce memory load on the system
#   Increase physical memory or swap space
#   Check if swap backing store is full
#   Decrease Java heap size (-Xmx/-Xms)
#   Decrease number of Java threads
#   Decrease Java thread stack sizes (-Xss)
#   Set larger code cache with -XX:ReservedCodeCacheSize=
#   JVM is running with Zero Based Compressed Oops mode in which the Java heap is
#     placed in the first 32GB address space. The Java Heap base address is the
#     maximum limit for the native heap growth. Please use -XX:HeapBaseMinAddress
#     to set the Java Heap base and to place the Java Heap above 32GB virtual address.
# This output file may be truncated or incomplete.
#
#  Out of Memory Error (arena.cpp:189), pid=9420, tid=36076
#
# JRE version: Java(TM) SE Runtime Environment (17.0+35) (build 17+35-LTS-2724)
# Java VM: Java HotSpot(TM) 64-Bit Server VM (17+35-LTS-2724, mixed mode, sharing, tiered, compressed oops, compressed class ptrs, g1 gc, windows-amd64)
# No core dump will be written. Minidumps are not enabled by default on client versions of Windows
#

---------------  S U M M A R Y ------------

Command Line: -Dclassworlds.conf=C:\Program Files\Maven\apache-maven-3.9.8\bin\m2.conf -Dmaven.home=C:\Program Files\Maven\apache-maven-3.9.8 -Dlibrary.jansi.path=C:\Program Files\Maven\apache-maven-3.9.8\lib\jansi-native -Dmaven.multiModuleProjectDirectory=D:\pukul6\backend\new banget\bipa-login\discovery-service\discovery-service org.codehaus.plexus.classworlds.launcher.Launcher spring-boot:run

Host: AMD Ryzen 7 5800H with Radeon Graphics         , 16 cores, 15G,  Windows 10 , 64 bit Build 19041 (10.0.19041.4957)
Time: Wed Oct 30 23:46:53 2024 SE Asia Standard Time elapsed time: 1.390888 seconds (0d 0h 0m 1s)

---------------  T H R E A D  ---------------

Current thread (0x00000130a9874e40):  JavaThread "C2 CompilerThread2" daemon [_thread_in_native, id=36076, stack(0x00000006d8e00000,0x00000006d8f00000)]


Current CompileTask:
C2:   1390 2772       4       org.codehaus.plexus.util.xml.pull.MXParser::parseStartTag (1190 bytes)

Stack: [0x00000006d8e00000,0x00000006d8f00000]
Native frames: (J=compiled Java code, j=interpreted, Vv=VM code, C=native code)
V  [jvm.dll+0x66f8ea]
V  [jvm.dll+0x7ce224]
V  [jvm.dll+0x7cf9ce]
V  [jvm.dll+0x7d0033]
V  [jvm.dll+0x242bb5]
V  [jvm.dll+0xaa05b]
V  [jvm.dll+0xaa5ec]
V  [jvm.dll+0x35f9f7]
V  [jvm.dll+0x329f61]
V  [jvm.dll+0x32940a]
V  [jvm.dll+0x215ca1]
V  [jvm.dll+0x2150c1]
V  [jvm.dll+0x1a168d]
V  [jvm.dll+0x2248f8]
V  [jvm.dll+0x222a5c]
V  [jvm.dll+0x78422b]
V  [jvm.dll+0x77e7ea]
V  [jvm.dll+0x66e715]
C  [ucrtbase.dll+0x21bb2]
C  [KERNEL32.DLL+0x17374]
C  [ntdll.dll+0x4cc91]


---------------  P R O C E S S  ---------------

Threads class SMR info:
_java_thread_list=0x00000130aa9fcc00, length=19, elements={
0x00000130833690b0, 0x00000130a85e7760, 0x00000130a85e82e0, 0x00000130a85fe1f0,
0x00000130a85ffac0, 0x00000130a8600380, 0x00000130a8600c40, 0x00000130a8601830,
0x00000130a860d6f0, 0x00000130a8610000, 0x00000130a9110190, 0x00000130a91166c0,
0x00000130a9129260, 0x00000130a9137b80, 0x00000130a9874930, 0x00000130a9874e40,
0x00000130a9901d70, 0x00000130a99a7040, 0x00000130aa7d7ff0
}

Java Threads: ( => current thread )
  0x00000130833690b0 JavaThread "main" [_thread_in_native, id=14544, stack(0x00000006d7800000,0x00000006d7900000)]
  0x00000130a85e7760 JavaThread "Reference Handler" daemon [_thread_blocked, id=36724, stack(0x00000006d7f00000,0x00000006d8000000)]
  0x00000130a85e82e0 JavaThread "Finalizer" daemon [_thread_blocked, id=36060, stack(0x00000006d8000000,0x00000006d8100000)]
  0x00000130a85fe1f0 JavaThread "Signal Dispatcher" daemon [_thread_blocked, id=37708, stack(0x00000006d8100000,0x00000006d8200000)]
  0x00000130a85ffac0 JavaThread "Attach Listener" daemon [_thread_blocked, id=36904, stack(0x00000006d8200000,0x00000006d8300000)]
  0x00000130a8600380 JavaThread "Service Thread" daemon [_thread_blocked, id=24220, stack(0x00000006d8300000,0x00000006d8400000)]
  0x00000130a8600c40 JavaThread "Monitor Deflation Thread" daemon [_thread_blocked, id=33152, stack(0x00000006d8400000,0x00000006d8500000)]
  0x00000130a8601830 JavaThread "C2 CompilerThread0" daemon [_thread_in_native, id=5524, stack(0x00000006d8500000,0x00000006d8600000)]
  0x00000130a860d6f0 JavaThread "C1 CompilerThread0" daemon [_thread_blocked, id=37244, stack(0x00000006d8600000,0x00000006d8700000)]
  0x00000130a8610000 JavaThread "Sweeper thread" daemon [_thread_blocked, id=34472, stack(0x00000006d8700000,0x00000006d8800000)]
  0x00000130a9110190 JavaThread "C1 CompilerThread1" daemon [_thread_blocked, id=25620, stack(0x00000006d8800000,0x00000006d8900000)]
  0x00000130a91166c0 JavaThread "C1 CompilerThread2" daemon [_thread_blocked, id=32524, stack(0x00000006d8900000,0x00000006d8a00000)]
  0x00000130a9129260 JavaThread "Notification Thread" daemon [_thread_blocked, id=10628, stack(0x00000006d8a00000,0x00000006d8b00000)]
  0x00000130a9137b80 JavaThread "Common-Cleaner" daemon [_thread_blocked, id=28612, stack(0x00000006d8c00000,0x00000006d8d00000)]
  0x00000130a9874930 JavaThread "C2 CompilerThread1" daemon [_thread_in_native, id=34756, stack(0x00000006d8d00000,0x00000006d8e00000)]
=>0x00000130a9874e40 JavaThread "C2 CompilerThread2" daemon [_thread_in_native, id=36076, stack(0x00000006d8e00000,0x00000006d8f00000)]
  0x00000130a9901d70 JavaThread "C1 CompilerThread3" daemon [_thread_blocked, id=34196, stack(0x00000006d8f00000,0x00000006d9000000)]
  0x00000130a99a7040 JavaThread "C2 CompilerThread3" daemon [_thread_in_native, id=37472, stack(0x00000006d9600000,0x00000006d9700000)]
  0x00000130aa7d7ff0 JavaThread "Thread-1" daemon [_thread_blocked, id=37044, stack(0x00000006d9900000,0x00000006d9a00000)]

Other Threads:
  0x00000130a85df480 VMThread "VM Thread" [stack: 0x00000006d7e00000,0x00000006d7f00000] [id=37416]
  0x00000130a9130f80 WatcherThread [stack: 0x00000006d8b00000,0x00000006d8c00000] [id=34540]
  0x00000130833b8170 GCTaskThread "GC Thread#0" [stack: 0x00000006d7900000,0x00000006d7a00000] [id=36900]
  0x00000130a98ffbb0 GCTaskThread "GC Thread#1" [stack: 0x00000006d9000000,0x00000006d9100000] [id=37632]
  0x00000130a9900670 GCTaskThread "GC Thread#2" [stack: 0x00000006d9100000,0x00000006d9200000] [id=37132]
  0x00000130a98ffe60 GCTaskThread "GC Thread#3" [stack: 0x00000006d9200000,0x00000006d9300000] [id=8772]
  0x00000130a9900110 GCTaskThread "GC Thread#4" [stack: 0x00000006d9300000,0x00000006d9400000] [id=33164]
  0x00000130a9900920 GCTaskThread "GC Thread#5" [stack: 0x00000006d9400000,0x00000006d9500000] [id=36372]
  0x00000130a9900e80 GCTaskThread "GC Thread#6" [stack: 0x00000006d9500000,0x00000006d9600000] [id=33392]
  0x00000130a98ff900 GCTaskThread "GC Thread#7" [stack: 0x00000006d9700000,0x00000006d9800000] [id=36956]
  0x00000130aa637eb0 GCTaskThread "GC Thread#8" [stack: 0x00000006d9800000,0x00000006d9900000] [id=19216]
  0x00000130833ca560 ConcurrentGCThread "G1 Main Marker" [stack: 0x00000006d7a00000,0x00000006d7b00000] [id=36608]
  0x00000130833cb520 ConcurrentGCThread "G1 Conc#0" [stack: 0x00000006d7b00000,0x00000006d7c00000] [id=37828]
  0x00000130834331e0 ConcurrentGCThread "G1 Refine#0" [stack: 0x00000006d7c00000,0x00000006d7d00000] [id=35592]
  0x0000013083433a10 ConcurrentGCThread "G1 Service" [stack: 0x00000006d7d00000,0x00000006d7e00000] [id=5680]

Threads with active compile tasks:
C2 CompilerThread0     1407 2922       4       java.lang.String::<init> (74 bytes)
C2 CompilerThread1     1407 2840       4       sun.util.locale.BaseLocale::getInstance (149 bytes)
C2 CompilerThread2     1408 2772       4       org.codehaus.plexus.util.xml.pull.MXParser::parseStartTag (1190 bytes)
C2 CompilerThread3     1408 2920       4       org.apache.maven.model.io.xpp3.MavenXpp3ReaderEx::checkFieldWithDuplicate (75 bytes)

VM state: not at safepoint (normal execution)

VM Mutex/Monitor currently owned by a thread: None

Heap address: 0x0000000709800000, size: 3944 MB, Compressed Oops mode: Zero based, Oop shift amount: 3

CDS archive(s) mapped at: [0x0000000800000000-0x0000000800bc0000-0x0000000800bc0000), size 12320768, SharedBaseAddress: 0x0000000800000000, ArchiveRelocationMode: 0.
Compressed class space mapped at: 0x0000000800c00000-0x0000000840c00000, reserved size: 1073741824
Narrow klass base: 0x0000000800000000, Narrow klass shift: 0, Narrow klass range: 0x100000000

GC Precious Log:
 CPUs: 16 total, 16 available
 Memory: 15773M
 Large Page Support: Disabled
 NUMA Support: Disabled
 Compressed Oops: Enabled (Zero based)
 Heap Region Size: 2M
 Heap Min Capacity: 8M
 Heap Initial Capacity: 248M
 Heap Max Capacity: 3944M
 Pre-touch: Disabled
 Parallel Workers: 13
 Concurrent Workers: 3
 Concurrent Refinement Workers: 13
 Periodic GC: Disabled

Heap:
 garbage-first heap   total 253952K, used 41703K [0x0000000709800000, 0x0000000800000000)
  region size 2048K, 20 young (40960K), 1 survivors (2048K)
 Metaspace       used 14700K, committed 14912K, reserved 1064960K
  class space    used 1785K, committed 1920K, reserved 1048576K

Heap Regions: E=young(eden), S=young(survivor), O=old, HS=humongous(starts), HC=humongous(continues), CS=collection set, F=free, OA=open archive, CA=closed archive, TAMS=top-at-mark-start (previous, next)
|   0|0x0000000709800000, 0x0000000709a00000, 0x0000000709a00000|100%| O|  |TAMS 0x0000000709800000, 0x0000000709800000| Untracked 
|   1|0x0000000709a00000, 0x0000000709b50c08, 0x0000000709c00000| 65%| O|  |TAMS 0x0000000709a00000, 0x0000000709a00000| Untracked 
|   2|0x0000000709c00000, 0x0000000709c00000, 0x0000000709e00000|  0%| F|  |TAMS 0x0000000709c00000, 0x0000000709c00000| Untracked 
|   3|0x0000000709e00000, 0x0000000709e00000, 0x000000070a000000|  0%| F|  |TAMS 0x0000000709e00000, 0x0000000709e00000| Untracked 
|   4|0x000000070a000000, 0x000000070a000000, 0x000000070a200000|  0%| F|  |TAMS 0x000000070a000000, 0x000000070a000000| Untracked 
|   5|0x000000070a200000, 0x000000070a200000, 0x000000070a400000|  0%| F|  |TAMS 0x000000070a200000, 0x000000070a200000| Untracked 
|   6|0x000000070a400000, 0x000000070a400000, 0x000000070a600000|  0%| F|  |TAMS 0x000000070a400000, 0x000000070a400000| Untracked 
|   7|0x000000070a600000, 0x000000070a600000, 0x000000070a800000|  0%| F|  |TAMS 0x000000070a600000, 0x000000070a600000| Untracked 
|   8|0x000000070a800000, 0x000000070a800000, 0x000000070aa00000|  0%| F|  |TAMS 0x000000070a800000, 0x000000070a800000| Untracked 
|   9|0x000000070aa00000, 0x000000070aa00000, 0x000000070ac00000|  0%| F|  |TAMS 0x000000070aa00000, 0x000000070aa00000| Untracked 
|  10|0x000000070ac00000, 0x000000070ac00000, 0x000000070ae00000|  0%| F|  |TAMS 0x000000070ac00000, 0x000000070ac00000| Untracked 
|  11|0x000000070ae00000, 0x000000070ae00000, 0x000000070b000000|  0%| F|  |TAMS 0x000000070ae00000, 0x000000070ae00000| Untracked 
|  12|0x000000070b000000, 0x000000070b000000, 0x000000070b200000|  0%| F|  |TAMS 0x000000070b000000, 0x000000070b000000| Untracked 
|  13|0x000000070b200000, 0x000000070b200000, 0x000000070b400000|  0%| F|  |TAMS 0x000000070b200000, 0x000000070b200000| Untracked 
|  14|0x000000070b400000, 0x000000070b400000, 0x000000070b600000|  0%| F|  |TAMS 0x000000070b400000, 0x000000070b400000| Untracked 
|  15|0x000000070b600000, 0x000000070b600000, 0x000000070b800000|  0%| F|  |TAMS 0x000000070b600000, 0x000000070b600000| Untracked 
|  16|0x000000070b800000, 0x000000070b800000, 0x000000070ba00000|  0%| F|  |TAMS 0x000000070b800000, 0x000000070b800000| Untracked 
|  17|0x000000070ba00000, 0x000000070ba00000, 0x000000070bc00000|  0%| F|  |TAMS 0x000000070ba00000, 0x000000070ba00000| Untracked 
|  18|0x000000070bc00000, 0x000000070bc00000, 0x000000070be00000|  0%| F|  |TAMS 0x000000070bc00000, 0x000000070bc00000| Untracked 
|  19|0x000000070be00000, 0x000000070be00000, 0x000000070c000000|  0%| F|  |TAMS 0x000000070be00000, 0x000000070be00000| Untracked 
|  20|0x000000070c000000, 0x000000070c000000, 0x000000070c200000|  0%| F|  |TAMS 0x000000070c000000, 0x000000070c000000| Untracked 
|  21|0x000000070c200000, 0x000000070c200000, 0x000000070c400000|  0%| F|  |TAMS 0x000000070c200000, 0x000000070c200000| Untracked 
|  22|0x000000070c400000, 0x000000070c400000, 0x000000070c600000|  0%| F|  |TAMS 0x000000070c400000, 0x000000070c400000| Untracked 
|  23|0x000000070c600000, 0x000000070c600000, 0x000000070c800000|  0%| F|  |TAMS 0x000000070c600000, 0x000000070c600000| Untracked 
|  24|0x000000070c800000, 0x000000070c800000, 0x000000070ca00000|  0%| F|  |TAMS 0x000000070c800000, 0x000000070c800000| Untracked 
|  25|0x000000070ca00000, 0x000000070ca00000, 0x000000070cc00000|  0%| F|  |TAMS 0x000000070ca00000, 0x000000070ca00000| Untracked 
|  26|0x000000070cc00000, 0x000000070cc00000, 0x000000070ce00000|  0%| F|  |TAMS 0x000000070cc00000, 0x000000070cc00000| Untracked 
|  27|0x000000070ce00000, 0x000000070ce00000, 0x000000070d000000|  0%| F|  |TAMS 0x000000070ce00000, 0x000000070ce00000| Untracked 
|  28|0x000000070d000000, 0x000000070d000000, 0x000000070d200000|  0%| F|  |TAMS 0x000000070d000000, 0x000000070d000000| Untracked 
|  29|0x000000070d200000, 0x000000070d200000, 0x000000070d400000|  0%| F|  |TAMS 0x000000070d200000, 0x000000070d200000| Untracked 
|  30|0x000000070d400000, 0x000000070d400000, 0x000000070d600000|  0%| F|  |TAMS 0x000000070d400000, 0x000000070d400000| Untracked 
|  31|0x000000070d600000, 0x000000070d600000, 0x000000070d800000|  0%| F|  |TAMS 0x000000070d600000, 0x000000070d600000| Untracked 
|  32|0x000000070d800000, 0x000000070d800000, 0x000000070da00000|  0%| F|  |TAMS 0x000000070d800000, 0x000000070d800000| Untracked 
|  33|0x000000070da00000, 0x000000070da00000, 0x000000070dc00000|  0%| F|  |TAMS 0x000000070da00000, 0x000000070da00000| Untracked 
|  34|0x000000070dc00000, 0x000000070dc00000, 0x000000070de00000|  0%| F|  |TAMS 0x000000070dc00000, 0x000000070dc00000| Untracked 
|  35|0x000000070de00000, 0x000000070de00000, 0x000000070e000000|  0%| F|  |TAMS 0x000000070de00000, 0x000000070de00000| Untracked 
|  36|0x000000070e000000, 0x000000070e000000, 0x000000070e200000|  0%| F|  |TAMS 0x000000070e000000, 0x000000070e000000| Untracked 
|  37|0x000000070e200000, 0x000000070e200000, 0x000000070e400000|  0%| F|  |TAMS 0x000000070e200000, 0x000000070e200000| Untracked 
|  38|0x000000070e400000, 0x000000070e400000, 0x000000070e600000|  0%| F|  |TAMS 0x000000070e400000, 0x000000070e400000| Untracked 
|  39|0x000000070e600000, 0x000000070e600000, 0x000000070e800000|  0%| F|  |TAMS 0x000000070e600000, 0x000000070e600000| Untracked 
|  40|0x000000070e800000, 0x000000070e800000, 0x000000070ea00000|  0%| F|  |TAMS 0x000000070e800000, 0x000000070e800000| Untracked 
|  41|0x000000070ea00000, 0x000000070ea00000, 0x000000070ec00000|  0%| F|  |TAMS 0x000000070ea00000, 0x000000070ea00000| Untracked 
|  42|0x000000070ec00000, 0x000000070ec00000, 0x000000070ee00000|  0%| F|  |TAMS 0x000000070ec00000, 0x000000070ec00000| Untracked 
|  43|0x000000070ee00000, 0x000000070ee00000, 0x000000070f000000|  0%| F|  |TAMS 0x000000070ee00000, 0x000000070ee00000| Untracked 
|  44|0x000000070f000000, 0x000000070f000000, 0x000000070f200000|  0%| F|  |TAMS 0x000000070f000000, 0x000000070f000000| Untracked 
|  45|0x000000070f200000, 0x000000070f200000, 0x000000070f400000|  0%| F|  |TAMS 0x000000070f200000, 0x000000070f200000| Untracked 
|  46|0x000000070f400000, 0x000000070f400000, 0x000000070f600000|  0%| F|  |TAMS 0x000000070f400000, 0x000000070f400000| Untracked 
|  47|0x000000070f600000, 0x000000070f600000, 0x000000070f800000|  0%| F|  |TAMS 0x000000070f600000, 0x000000070f600000| Untracked 
|  48|0x000000070f800000, 0x000000070f800000, 0x000000070fa00000|  0%| F|  |TAMS 0x000000070f800000, 0x000000070f800000| Untracked 
|  49|0x000000070fa00000, 0x000000070fa00000, 0x000000070fc00000|  0%| F|  |TAMS 0x000000070fa00000, 0x000000070fa00000| Untracked 
|  50|0x000000070fc00000, 0x000000070fc00000, 0x000000070fe00000|  0%| F|  |TAMS 0x000000070fc00000, 0x000000070fc00000| Untracked 
|  51|0x000000070fe00000, 0x000000070fe00000, 0x0000000710000000|  0%| F|  |TAMS 0x000000070fe00000, 0x000000070fe00000| Untracked 
|  52|0x0000000710000000, 0x0000000710000000, 0x0000000710200000|  0%| F|  |TAMS 0x0000000710000000, 0x0000000710000000| Untracked 
|  53|0x0000000710200000, 0x0000000710200000, 0x0000000710400000|  0%| F|  |TAMS 0x0000000710200000, 0x0000000710200000| Untracked 
|  54|0x0000000710400000, 0x0000000710400000, 0x0000000710600000|  0%| F|  |TAMS 0x0000000710400000, 0x0000000710400000| Untracked 
|  55|0x0000000710600000, 0x0000000710600000, 0x0000000710800000|  0%| F|  |TAMS 0x0000000710600000, 0x0000000710600000| Untracked 
|  56|0x0000000710800000, 0x0000000710800000, 0x0000000710a00000|  0%| F|  |TAMS 0x0000000710800000, 0x0000000710800000| Untracked 
|  57|0x0000000710a00000, 0x0000000710a00000, 0x0000000710c00000|  0%| F|  |TAMS 0x0000000710a00000, 0x0000000710a00000| Untracked 
|  58|0x0000000710c00000, 0x0000000710c00000, 0x0000000710e00000|  0%| F|  |TAMS 0x0000000710c00000, 0x0000000710c00000| Untracked 
|  59|0x0000000710e00000, 0x0000000710e00000, 0x0000000711000000|  0%| F|  |TAMS 0x0000000710e00000, 0x0000000710e00000| Untracked 
|  60|0x0000000711000000, 0x0000000711000000, 0x0000000711200000|  0%| F|  |TAMS 0x0000000711000000, 0x0000000711000000| Untracked 
|  61|0x0000000711200000, 0x0000000711200000, 0x0000000711400000|  0%| F|  |TAMS 0x0000000711200000, 0x0000000711200000| Untracked 
|  62|0x0000000711400000, 0x0000000711400000, 0x0000000711600000|  0%| F|  |TAMS 0x0000000711400000, 0x0000000711400000| Untracked 
|  63|0x0000000711600000, 0x0000000711600000, 0x0000000711800000|  0%| F|  |TAMS 0x0000000711600000, 0x0000000711600000| Untracked 
|  64|0x0000000711800000, 0x0000000711800000, 0x0000000711a00000|  0%| F|  |TAMS 0x0000000711800000, 0x0000000711800000| Untracked 
|  65|0x0000000711a00000, 0x0000000711a00000, 0x0000000711c00000|  0%| F|  |TAMS 0x0000000711a00000, 0x0000000711a00000| Untracked 
|  66|0x0000000711c00000, 0x0000000711c00000, 0x0000000711e00000|  0%| F|  |TAMS 0x0000000711c00000, 0x0000000711c00000| Untracked 
|  67|0x0000000711e00000, 0x0000000711e00000, 0x0000000712000000|  0%| F|  |TAMS 0x0000000711e00000, 0x0000000711e00000| Untracked 
|  68|0x0000000712000000, 0x0000000712000000, 0x0000000712200000|  0%| F|  |TAMS 0x0000000712000000, 0x0000000712000000| Untracked 
|  69|0x0000000712200000, 0x0000000712200000, 0x0000000712400000|  0%| F|  |TAMS 0x0000000712200000, 0x0000000712200000| Untracked 
|  70|0x0000000712400000, 0x0000000712400000, 0x0000000712600000|  0%| F|  |TAMS 0x0000000712400000, 0x0000000712400000| Untracked 
|  71|0x0000000712600000, 0x0000000712600000, 0x0000000712800000|  0%| F|  |TAMS 0x0000000712600000, 0x0000000712600000| Untracked 
|  72|0x0000000712800000, 0x0000000712800000, 0x0000000712a00000|  0%| F|  |TAMS 0x0000000712800000, 0x0000000712800000| Untracked 
|  73|0x0000000712a00000, 0x0000000712a00000, 0x0000000712c00000|  0%| F|  |TAMS 0x0000000712a00000, 0x0000000712a00000| Untracked 
|  74|0x0000000712c00000, 0x0000000712c00000, 0x0000000712e00000|  0%| F|  |TAMS 0x0000000712c00000, 0x0000000712c00000| Untracked 
|  75|0x0000000712e00000, 0x0000000712e00000, 0x0000000713000000|  0%| F|  |TAMS 0x0000000712e00000, 0x0000000712e00000| Untracked 
|  76|0x0000000713000000, 0x0000000713000000, 0x0000000713200000|  0%| F|  |TAMS 0x0000000713000000, 0x0000000713000000| Untracked 
|  77|0x0000000713200000, 0x0000000713200000, 0x0000000713400000|  0%| F|  |TAMS 0x0000000713200000, 0x0000000713200000| Untracked 
|  78|0x0000000713400000, 0x0000000713400000, 0x0000000713600000|  0%| F|  |TAMS 0x0000000713400000, 0x0000000713400000| Untracked 
|  79|0x0000000713600000, 0x0000000713600000, 0x0000000713800000|  0%| F|  |TAMS 0x0000000713600000, 0x0000000713600000| Untracked 
|  80|0x0000000713800000, 0x0000000713800000, 0x0000000713a00000|  0%| F|  |TAMS 0x0000000713800000, 0x0000000713800000| Untracked 
|  81|0x0000000713a00000, 0x0000000713a00000, 0x0000000713c00000|  0%| F|  |TAMS 0x0000000713a00000, 0x0000000713a00000| Untracked 
|  82|0x0000000713c00000, 0x0000000713c00000, 0x0000000713e00000|  0%| F|  |TAMS 0x0000000713c00000, 0x0000000713c00000| Untracked 
|  83|0x0000000713e00000, 0x0000000713e00000, 0x0000000714000000|  0%| F|  |TAMS 0x0000000713e00000, 0x0000000713e00000| Untracked 
|  84|0x0000000714000000, 0x0000000714000000, 0x0000000714200000|  0%| F|  |TAMS 0x0000000714000000, 0x0000000714000000| Untracked 
|  85|0x0000000714200000, 0x0000000714200000, 0x0000000714400000|  0%| F|  |TAMS 0x0000000714200000, 0x0000000714200000| Untracked 
|  86|0x0000000714400000, 0x0000000714400000, 0x0000000714600000|  0%| F|  |TAMS 0x0000000714400000, 0x0000000714400000| Untracked 
|  87|0x0000000714600000, 0x0000000714600000, 0x0000000714800000|  0%| F|  |TAMS 0x0000000714600000, 0x0000000714600000| Untracked 
|  88|0x0000000714800000, 0x0000000714800000, 0x0000000714a00000|  0%| F|  |TAMS 0x0000000714800000, 0x0000000714800000| Untracked 
|  89|0x0000000714a00000, 0x0000000714a00000, 0x0000000714c00000|  0%| F|  |TAMS 0x0000000714a00000, 0x0000000714a00000| Untracked 
|  90|0x0000000714c00000, 0x0000000714c00000, 0x0000000714e00000|  0%| F|  |TAMS 0x0000000714c00000, 0x0000000714c00000| Untracked 
|  91|0x0000000714e00000, 0x0000000714e00000, 0x0000000715000000|  0%| F|  |TAMS 0x0000000714e00000, 0x0000000714e00000| Untracked 
|  92|0x0000000715000000, 0x0000000715000000, 0x0000000715200000|  0%| F|  |TAMS 0x0000000715000000, 0x0000000715000000| Untracked 
|  93|0x0000000715200000, 0x0000000715200000, 0x0000000715400000|  0%| F|  |TAMS 0x0000000715200000, 0x0000000715200000| Untracked 
|  94|0x0000000715400000, 0x0000000715400000, 0x0000000715600000|  0%| F|  |TAMS 0x0000000715400000, 0x0000000715400000| Untracked 
|  95|0x0000000715600000, 0x0000000715600000, 0x0000000715800000|  0%| F|  |TAMS 0x0000000715600000, 0x0000000715600000| Untracked 
|  96|0x0000000715800000, 0x0000000715800000, 0x0000000715a00000|  0%| F|  |TAMS 0x0000000715800000, 0x0000000715800000| Untracked 
|  97|0x0000000715a00000, 0x0000000715a00000, 0x0000000715c00000|  0%| F|  |TAMS 0x0000000715a00000, 0x0000000715a00000| Untracked 
|  98|0x0000000715c00000, 0x0000000715c00000, 0x0000000715e00000|  0%| F|  |TAMS 0x0000000715c00000, 0x0000000715c00000| Untracked 
|  99|0x0000000715e00000, 0x0000000715e00000, 0x0000000716000000|  0%| F|  |TAMS 0x0000000715e00000, 0x0000000715e00000| Untracked 
| 100|0x0000000716000000, 0x0000000716000000, 0x0000000716200000|  0%| F|  |TAMS 0x0000000716000000, 0x0000000716000000| Untracked 
| 101|0x0000000716200000, 0x0000000716200000, 0x0000000716400000|  0%| F|  |TAMS 0x0000000716200000, 0x0000000716200000| Untracked 
| 102|0x0000000716400000, 0x0000000716400000, 0x0000000716600000|  0%| F|  |TAMS 0x0000000716400000, 0x0000000716400000| Untracked 
| 103|0x0000000716600000, 0x0000000716600000, 0x0000000716800000|  0%| F|  |TAMS 0x0000000716600000, 0x0000000716600000| Untracked 
| 104|0x0000000716800000, 0x0000000716900800, 0x0000000716a00000| 50%| E|  |TAMS 0x0000000716800000, 0x0000000716800000| Complete 
| 105|0x0000000716a00000, 0x0000000716b69188, 0x0000000716c00000| 70%| S|CS|TAMS 0x0000000716a00000, 0x0000000716a00000| Complete 
| 106|0x0000000716c00000, 0x0000000716e00000, 0x0000000716e00000|100%| E|CS|TAMS 0x0000000716c00000, 0x0000000716c00000| Complete 
| 107|0x0000000716e00000, 0x0000000717000000, 0x0000000717000000|100%| E|CS|TAMS 0x0000000716e00000, 0x0000000716e00000| Complete 
| 108|0x0000000717000000, 0x0000000717200000, 0x0000000717200000|100%| E|CS|TAMS 0x0000000717000000, 0x0000000717000000| Complete 
| 109|0x0000000717200000, 0x0000000717400000, 0x0000000717400000|100%| E|CS|TAMS 0x0000000717200000, 0x0000000717200000| Complete 
| 110|0x0000000717400000, 0x0000000717600000, 0x0000000717600000|100%| E|CS|TAMS 0x0000000717400000, 0x0000000717400000| Complete 
| 111|0x0000000717600000, 0x0000000717800000, 0x0000000717800000|100%| E|CS|TAMS 0x0000000717600000, 0x0000000717600000| Complete 
| 112|0x0000000717800000, 0x0000000717a00000, 0x0000000717a00000|100%| E|CS|TAMS 0x0000000717800000, 0x0000000717800000| Complete 
| 113|0x0000000717a00000, 0x0000000717c00000, 0x0000000717c00000|100%| E|CS|TAMS 0x0000000717a00000, 0x0000000717a00000| Complete 
| 114|0x0000000717c00000, 0x0000000717e00000, 0x0000000717e00000|100%| E|CS|TAMS 0x0000000717c00000, 0x0000000717c00000| Complete 
| 115|0x0000000717e00000, 0x0000000718000000, 0x0000000718000000|100%| E|CS|TAMS 0x0000000717e00000, 0x0000000717e00000| Complete 
| 116|0x0000000718000000, 0x0000000718200000, 0x0000000718200000|100%| E|CS|TAMS 0x0000000718000000, 0x0000000718000000| Complete 
| 117|0x0000000718200000, 0x0000000718400000, 0x0000000718400000|100%| E|CS|TAMS 0x0000000718200000, 0x0000000718200000| Complete 
| 118|0x0000000718400000, 0x0000000718600000, 0x0000000718600000|100%| E|CS|TAMS 0x0000000718400000, 0x0000000718400000| Complete 
| 119|0x0000000718600000, 0x0000000718800000, 0x0000000718800000|100%| E|CS|TAMS 0x0000000718600000, 0x0000000718600000| Complete 
| 120|0x0000000718800000, 0x0000000718a00000, 0x0000000718a00000|100%| E|CS|TAMS 0x0000000718800000, 0x0000000718800000| Complete 
| 121|0x0000000718a00000, 0x0000000718c00000, 0x0000000718c00000|100%| E|CS|TAMS 0x0000000718a00000, 0x0000000718a00000| Complete 
| 122|0x0000000718c00000, 0x0000000718e00000, 0x0000000718e00000|100%| E|CS|TAMS 0x0000000718c00000, 0x0000000718c00000| Complete 
| 123|0x0000000718e00000, 0x0000000719000000, 0x0000000719000000|100%| E|CS|TAMS 0x0000000718e00000, 0x0000000718e00000| Complete 

Card table byte_map: [0x000001309cad0000,0x000001309d290000] _byte_map_base: 0x0000013099284000

Marking Bits (Prev, Next): (CMBitMap*) 0x00000130833b95a0, (CMBitMap*) 0x00000130833b95e0
 Prev Bits: [0x000001309da50000, 0x00000130a17f0000)
 Next Bits: [0x00000130a17f0000, 0x00000130a5590000)

Polling page: 0x0000013083440000

Metaspace:

Usage:
  Non-class:     12.61 MB used.
      Class:      1.74 MB used.
       Both:     14.36 MB used.

Virtual space:
  Non-class space:       16.00 MB reserved,      12.69 MB ( 79%) committed,  2 nodes.
      Class space:        1.00 GB reserved,       1.88 MB ( <1%) committed,  1 nodes.
             Both:        1.02 GB reserved,      14.56 MB (  1%) committed. 

Chunk freelists:
   Non-Class:  2.53 MB
       Class:  2.00 MB
        Both:  4.53 MB

MaxMetaspaceSize: unlimited
CompressedClassSpaceSize: 1.00 GB
Initial GC threshold: 21.00 MB
Current GC threshold: 21.00 MB
CDS: on
MetaspaceReclaimPolicy: balanced
 - commit_granule_bytes: 65536.
 - commit_granule_words: 8192.
 - virtual_space_node_default_size: 1048576.
 - enlarge_chunks_in_place: 1.
 - new_chunks_are_fully_committed: 0.
 - uncommit_free_chunks: 1.
 - use_allocation_guard: 0.
 - handle_deallocations: 1.


Internal statistics:

num_allocs_failed_limit: 0.
num_arena_births: 92.
num_arena_deaths: 0.
num_vsnodes_births: 3.
num_vsnodes_deaths: 0.
num_space_committed: 233.
num_space_uncommitted: 0.
num_chunks_returned_to_freelist: 0.
num_chunks_taken_from_freelist: 605.
num_chunk_merges: 0.
num_chunk_splits: 414.
num_chunks_enlarged: 331.
num_purges: 0.
num_inconsistent_stats: 0.

CodeHeap 'non-profiled nmethods': size=119168Kb used=1245Kb max_used=1245Kb free=117922Kb
 bounds [0x0000013093f00000, 0x0000013094170000, 0x000001309b360000]
CodeHeap 'profiled nmethods': size=119104Kb used=6074Kb max_used=6074Kb free=113029Kb
 bounds [0x000001308cab0000, 0x000001308d0a0000, 0x0000013093f00000]
CodeHeap 'non-nmethods': size=7488Kb used=2867Kb max_used=2906Kb free=4620Kb
 bounds [0x000001308c360000, 0x000001308c640000, 0x000001308cab0000]
 total_blobs=3427 nmethods=2957 adapters=379
 compilation: enabled
              stopped_count=0, restarted_count=0
 full_count=0

Compilation events (20 events):
Event: 1.383 Thread 0x00000130a9110190 2910       3       java.util.StringTokenizer::scanToken (179 bytes)
Event: 1.383 Thread 0x00000130a91166c0 2911       1       org.apache.maven.model.Plugin::setArtifactId (6 bytes)
Event: 1.383 Thread 0x00000130a91166c0 nmethod 2911 0x000001309402f210 code [0x000001309402f3a0, 0x000001309402f4b8]
Event: 1.383 Thread 0x00000130a860d6f0 2912       3       org.apache.maven.model.Plugin::getKey (12 bytes)
Event: 1.383 Thread 0x00000130a9901d70 2913       3       org.apache.maven.model.Plugin::constructKey (24 bytes)
Event: 1.384 Thread 0x00000130a91166c0 2914       1       org.apache.maven.model.ConfigurationContainer::getConfiguration (5 bytes)
Event: 1.384 Thread 0x00000130a91166c0 nmethod 2914 0x000001309402f510 code [0x000001309402f6a0, 0x000001309402f778]
Event: 1.384 Thread 0x00000130a91166c0 2915       1       org.apache.maven.model.ConfigurationContainer::getInherited (5 bytes)
Event: 1.384 Thread 0x00000130a91166c0 nmethod 2915 0x000001309402f810 code [0x000001309402f9a0, 0x000001309402fa78]
Event: 1.384 Thread 0x00000130a860d6f0 nmethod 2912 0x000001308d087b10 code [0x000001308d087d20, 0x000001308d0881a8]
Event: 1.384 Thread 0x00000130a9901d70 nmethod 2913 0x000001308d088390 code [0x000001308d0885c0, 0x000001308d088b98]
Event: 1.384 Thread 0x00000130a9110190 nmethod 2910 0x000001308d088e10 code [0x000001308d089180, 0x000001308d08a898]
Event: 1.386 Thread 0x00000130a99a7040 2916       4       java.util.concurrent.ConcurrentHashMap::spread (10 bytes)
Event: 1.386 Thread 0x00000130a99a7040 nmethod 2916 0x000001309402fb10 code [0x000001309402fc80, 0x000001309402fcf8]
Event: 1.386 Thread 0x00000130a91166c0 2917       3       sun.nio.cs.UTF_8::newDecoder (9 bytes)
Event: 1.386 Thread 0x00000130a9110190 2918       3       sun.nio.cs.UTF_8$Decoder::<init> (8 bytes)
Event: 1.387 Thread 0x00000130a9110190 nmethod 2918 0x000001308d08b110 code [0x000001308d08b2e0, 0x000001308d08b428]
Event: 1.387 Thread 0x00000130a91166c0 nmethod 2917 0x000001308d08b510 code [0x000001308d08b6e0, 0x000001308d08b908]
Event: 1.388 Thread 0x00000130a99a7040 2919       4       org.codehaus.plexus.util.xml.pull.MXParser::next (10 bytes)
Event: 1.388 Thread 0x00000130a99a7040 nmethod 2919 0x000001309402fe10 code [0x000001309402ffa0, 0x0000013094030048]

GC Heap History (4 events):
Event: 0.456 GC heap before
{Heap before GC invocations=0 (full 0):
 garbage-first heap   total 253952K, used 22528K [0x0000000709800000, 0x0000000800000000)
  region size 2048K, 11 young (22528K), 0 survivors (0K)
 Metaspace       used 5241K, committed 5440K, reserved 1056768K
  class space    used 627K, committed 704K, reserved 1048576K
}
Event: 0.459 GC heap after
{Heap after GC invocations=1 (full 0):
 garbage-first heap   total 253952K, used 3598K [0x0000000709800000, 0x0000000800000000)
  region size 2048K, 2 young (4096K), 2 survivors (4096K)
 Metaspace       used 5241K, committed 5440K, reserved 1056768K
  class space    used 627K, committed 704K, reserved 1048576K
}
Event: 0.828 GC heap before
{Heap before GC invocations=1 (full 0):
 garbage-first heap   total 253952K, used 36366K [0x0000000709800000, 0x0000000800000000)
  region size 2048K, 18 young (36864K), 2 survivors (4096K)
 Metaspace       used 8460K, committed 8640K, reserved 1064960K
  class space    used 1016K, committed 1088K, reserved 1048576K
}
Event: 0.831 GC heap after
{Heap after GC invocations=2 (full 0):
 garbage-first heap   total 253952K, used 4839K [0x0000000709800000, 0x0000000800000000)
  region size 2048K, 1 young (2048K), 1 survivors (2048K)
 Metaspace       used 8460K, committed 8640K, reserved 1064960K
  class space    used 1016K, committed 1088K, reserved 1048576K
}

Deoptimization events (20 events):
Event: 1.335 Thread 0x00000130833690b0 Uncommon trap: trap_request=0xffffffc6 fr.pc=0x000001309400624c relative=0x0000000000000a4c
Event: 1.335 Thread 0x00000130833690b0 Uncommon trap: reason=bimorphic_or_optimized_type_check action=maybe_recompile pc=0x000001309400624c method=java.util.HashMap.putVal(ILjava/lang/Object;Ljava/lang/Object;ZZ)Ljava/lang/Object; @ 203 c2
Event: 1.335 Thread 0x00000130833690b0 DEOPT PACKING pc=0x000001309400624c sp=0x00000006d78fd550
Event: 1.335 Thread 0x00000130833690b0 DEOPT UNPACKING pc=0x000001308c3b23a3 sp=0x00000006d78fd4f0 mode 2
Event: 1.343 Thread 0x00000130833690b0 Uncommon trap: trap_request=0xffffffc6 fr.pc=0x0000013093f71980 relative=0x0000000000000340
Event: 1.343 Thread 0x00000130833690b0 Uncommon trap: reason=bimorphic_or_optimized_type_check action=maybe_recompile pc=0x0000013093f71980 method=java.nio.Buffer.<init>(IIIILjdk/internal/access/foreign/MemorySegmentProxy;)V @ 39 c2
Event: 1.343 Thread 0x00000130833690b0 DEOPT PACKING pc=0x0000013093f71980 sp=0x00000006d78fc220
Event: 1.343 Thread 0x00000130833690b0 DEOPT UNPACKING pc=0x000001308c3b23a3 sp=0x00000006d78fc1c8 mode 2
Event: 1.359 Thread 0x00000130833690b0 Uncommon trap: trap_request=0xffffff45 fr.pc=0x0000013093fd90ec relative=0x00000000000002cc
Event: 1.359 Thread 0x00000130833690b0 Uncommon trap: reason=unstable_if action=reinterpret pc=0x0000013093fd90ec method=java.lang.String.indexOf([BBILjava/lang/String;I)I @ 21 c2
Event: 1.359 Thread 0x00000130833690b0 DEOPT PACKING pc=0x0000013093fd90ec sp=0x00000006d78fd770
Event: 1.359 Thread 0x00000130833690b0 DEOPT UNPACKING pc=0x000001308c3b23a3 sp=0x00000006d78fd680 mode 2
Event: 1.359 Thread 0x00000130833690b0 Uncommon trap: trap_request=0xffffff45 fr.pc=0x0000013093fd73b0 relative=0x0000000000000290
Event: 1.359 Thread 0x00000130833690b0 Uncommon trap: reason=unstable_if action=reinterpret pc=0x0000013093fd73b0 method=java.lang.String.indexOf([BBILjava/lang/String;I)I @ 21 c2
Event: 1.359 Thread 0x00000130833690b0 DEOPT PACKING pc=0x0000013093fd73b0 sp=0x00000006d78fd6f0
Event: 1.359 Thread 0x00000130833690b0 DEOPT UNPACKING pc=0x000001308c3b23a3 sp=0x00000006d78fd680 mode 2
Event: 1.383 Thread 0x00000130833690b0 Uncommon trap: trap_request=0xffffff45 fr.pc=0x0000013093f30844 relative=0x0000000000000224
Event: 1.383 Thread 0x00000130833690b0 Uncommon trap: reason=unstable_if action=reinterpret pc=0x0000013093f30844 method=java.util.StringTokenizer.scanToken(I)I @ 42 c2
Event: 1.383 Thread 0x00000130833690b0 DEOPT PACKING pc=0x0000013093f30844 sp=0x00000006d78fda70
Event: 1.383 Thread 0x00000130833690b0 DEOPT UNPACKING pc=0x000001308c3b23a3 sp=0x00000006d78fda10 mode 2

Classes unloaded (0 events):
No events

Classes redefined (0 events):
No events

Internal exceptions (20 events):
Event: 0.344 Thread 0x00000130833690b0 Exception <a 'java/lang/NoSuchMethodError'{0x0000000717f2ecd8}: 'void java.lang.invoke.DirectMethodHandle$Holder.invokeSpecial(java.lang.Object, java.lang.Object, java.lang.Object)'> (0x0000000717f2ecd8) 
thrown [t:\workspace\open\src\hotspot\share\interpreter\linkResolver.cpp, line 766]
Event: 0.380 Thread 0x00000130833690b0 Exception <a 'java/lang/NoSuchMethodError'{0x0000000717c90ca0}: 'java.lang.Object java.lang.invoke.DirectMethodHandle$Holder.invokeInterface(java.lang.Object, java.lang.Object)'> (0x0000000717c90ca0) 
thrown [t:\workspace\open\src\hotspot\share\interpreter\linkResolver.cpp, line 766]
Event: 0.395 Thread 0x00000130833690b0 Exception <a 'java/lang/NoSuchMethodError'{0x0000000717d3c9c0}: 'java.lang.Object java.lang.invoke.Invokers$Holder.invokeExact_MT(java.lang.Object, java.lang.Object, java.lang.Object, java.lang.Object, java.lang.Object, java.lang.Object)'> (0x0000000717d3c9c0) 
thrown [t:\workspace\open\src\hotspot\share\interpreter\linkResolver.cpp, line 766]
Event: 0.397 Thread 0x00000130833690b0 Exception <a 'java/lang/NoSuchMethodError'{0x0000000717d4de40}: 'int java.lang.invoke.DirectMethodHandle$Holder.invokeSpecialIFC(java.lang.Object, java.lang.Object, java.lang.Object, java.lang.Object, java.lang.Object)'> (0x0000000717d4de40) 
thrown [t:\workspace\open\src\hotspot\share\interpreter\linkResolver.cpp, line 766]
Event: 0.433 Thread 0x00000130833690b0 Exception <a 'java/lang/NoSuchMethodError'{0x0000000717aefb50}: 'java.lang.Object java.lang.invoke.DirectMethodHandle$Holder.newInvokeSpecial(java.lang.Object, java.lang.Object, java.lang.Object, java.lang.Object, java.lang.Object)'> (0x0000000717aefb50) 
thrown [t:\workspace\open\src\hotspot\share\interpreter\linkResolver.cpp, line 766]
Event: 0.454 Thread 0x00000130833690b0 Exception <a 'java/lang/NoSuchMethodError'{0x0000000717bf4af0}: 'int java.lang.invoke.DirectMethodHandle$Holder.invokeStaticInit(java.lang.Object, java.lang.Object)'> (0x0000000717bf4af0) 
thrown [t:\workspace\open\src\hotspot\share\interpreter\linkResolver.cpp, line 766]
Event: 0.465 Thread 0x00000130833690b0 Exception <a 'java/lang/NoClassDefFoundError'{0x0000000718e2e308}: javax/enterprise/inject/Typed> (0x0000000718e2e308) 
thrown [t:\workspace\open\src\hotspot\share\classfile\systemDictionary.cpp, line 245]
Event: 0.975 Thread 0x00000130833690b0 Exception <a 'java/lang/NoSuchMethodError'{0x000000071803aef0}: 'void java.lang.invoke.DirectMethodHandle$Holder.invokeStaticInit(java.lang.Object, java.lang.Object, java.lang.Object)'> (0x000000071803aef0) 
thrown [t:\workspace\open\src\hotspot\share\interpreter\linkResolver.cpp, line 766]
Event: 0.979 Thread 0x00000130833690b0 Exception <a 'java/lang/ExceptionInInitializerError'{0x00000007180661b8}> (0x00000007180661b8) 
thrown [t:\workspace\open\src\hotspot\share\oops\instanceKlass.cpp, line 1163]
Event: 0.997 Thread 0x00000130833690b0 Implicit null exception at 0x0000013093f988af to 0x0000013093f98a10
Event: 0.998 Thread 0x00000130833690b0 Exception <a 'java/lang/NoSuchMethodError'{0x0000000718176548}: 'java.lang.Object java.lang.invoke.Invokers$Holder.invokeExact_MT(java.lang.Object, int, java.lang.Object)'> (0x0000000718176548) 
thrown [t:\workspace\open\src\hotspot\share\interpreter\linkResolver.cpp, line 766]
Event: 1.007 Thread 0x00000130833690b0 Exception <a 'java/lang/NoSuchMethodError'{0x00000007181ea730}: 'int java.lang.invoke.DirectMethodHandle$Holder.invokeSpecial(java.lang.Object, java.lang.Object, java.lang.Object, java.lang.Object)'> (0x00000007181ea730) 
thrown [t:\workspace\open\src\hotspot\share\interpreter\linkResolver.cpp, line 766]
Event: 1.154 Thread 0x00000130833690b0 Exception <a 'java/lang/NoClassDefFoundError'{0x0000000717606c90}: com/google/inject/servlet/ServletModuleTargetVisitor> (0x0000000717606c90) 
thrown [t:\workspace\open\src\hotspot\share\classfile\systemDictionary.cpp, line 245]
Event: 1.187 Thread 0x00000130833690b0 Exception <a 'java/lang/NoSuchMethodError'{0x0000000717798570}: 'void java.lang.invoke.DirectMethodHandle$Holder.invokeVirtual(java.lang.Object, java.lang.Object)'> (0x0000000717798570) 
thrown [t:\workspace\open\src\hotspot\share\interpreter\linkResolver.cpp, line 766]
Event: 1.201 Thread 0x00000130833690b0 Exception <a 'java/lang/NoSuchMethodError'{0x0000000717410ed8}: 'java.lang.Object java.lang.invoke.DirectMethodHandle$Holder.invokeStaticInit(java.lang.Object, int, int, int, int)'> (0x0000000717410ed8) 
thrown [t:\workspace\open\src\hotspot\share\interpreter\linkResolver.cpp, line 766]
Event: 1.288 Thread 0x00000130833690b0 Implicit null exception at 0x0000013093f23cf2 to 0x0000013093f242cc
Event: 1.288 Thread 0x00000130833690b0 Implicit null exception at 0x0000013093f2a5f2 to 0x0000013093f2abe0
Event: 1.316 Thread 0x00000130833690b0 Exception <a 'java/lang/NoSuchMethodError'{0x00000007171eda40}: 'void java.lang.invoke.DirectMethodHandle$Holder.invokeSpecial(java.lang.Object, java.lang.Object, java.lang.Object, java.lang.Object, java.lang.Object)'> (0x00000007171eda40) 
thrown [t:\workspace\open\src\hotspot\share\interpreter\linkResolver.cpp, line 766]
Event: 1.319 Thread 0x00000130833690b0 Exception <a 'java/lang/NoSuchMethodError'{0x0000000716e0b8c8}: 'void java.lang.invoke.DirectMethodHandle$Holder.invokeSpecial(java.lang.Object, java.lang.Object, java.lang.Object, java.lang.Object, java.lang.Object, java.lang.Object)'> (0x0000000716e0b8c8) 
thrown [t:\workspace\open\src\hotspot\share\interpreter\linkResolver.cpp, line 766]
Event: 1.331 Thread 0x00000130833690b0 Exception <a 'java/lang/NoSuchMethodError'{0x0000000716f02680}: 'java.lang.Object java.lang.invoke.DirectMethodHandle$Holder.invokeVirtual(java.lang.Object, java.lang.Object, java.lang.Object)'> (0x0000000716f02680) 
thrown [t:\workspace\open\src\hotspot\share\interpreter\linkResolver.cpp, line 766]

VM Operations (20 events):
Event: 1.024 Executing VM operation: HandshakeAllThreads
Event: 1.024 Executing VM operation: HandshakeAllThreads done
Event: 1.025 Executing VM operation: HandshakeAllThreads
Event: 1.025 Executing VM operation: HandshakeAllThreads done
Event: 1.043 Executing VM operation: ICBufferFull
Event: 1.043 Executing VM operation: ICBufferFull done
Event: 1.065 Executing VM operation: HandshakeAllThreads
Event: 1.065 Executing VM operation: HandshakeAllThreads done
Event: 1.139 Executing VM operation: HandshakeAllThreads
Event: 1.139 Executing VM operation: HandshakeAllThreads done
Event: 1.193 Executing VM operation: HandshakeAllThreads
Event: 1.193 Executing VM operation: HandshakeAllThreads done
Event: 1.202 Executing VM operation: ICBufferFull
Event: 1.202 Executing VM operation: ICBufferFull done
Event: 1.209 Executing VM operation: HandshakeAllThreads
Event: 1.209 Executing VM operation: HandshakeAllThreads done
Event: 1.265 Executing VM operation: HandshakeAllThreads
Event: 1.265 Executing VM operation: HandshakeAllThreads done
Event: 1.265 Executing VM operation: HandshakeAllThreads
Event: 1.265 Executing VM operation: HandshakeAllThreads done

Events (20 events):
Event: 1.310 loading class sun/nio/ch/FileLockTable$FileLockReference
Event: 1.310 loading class sun/nio/ch/FileLockTable$FileLockReference done
Event: 1.310 loading class java/nio/channels/spi/AbstractInterruptibleChannel$1
Event: 1.310 loading class sun/nio/ch/Interruptible
Event: 1.310 loading class sun/nio/ch/Interruptible done
Event: 1.310 loading class java/nio/channels/spi/AbstractInterruptibleChannel$1 done
Event: 1.310 loading class java/util/AbstractMap$2
Event: 1.310 loading class java/util/AbstractMap$2 done
Event: 1.310 loading class java/util/AbstractMap$2$1
Event: 1.311 loading class java/util/AbstractMap$2$1 done
Event: 1.317 loading class java/lang/invoke/MethodHandle$1
Event: 1.317 loading class java/lang/invoke/MethodHandle$1 done
Event: 1.343 loading class sun/util/locale/provider/BaseLocaleDataMetaInfo
Event: 1.343 loading class sun/util/locale/provider/BaseLocaleDataMetaInfo done
Event: 1.347 loading class sun/util/resources/LocaleData$CommonResourceBundleProvider
Event: 1.348 loading class sun/util/resources/LocaleData$LocaleDataResourceBundleProvider
Event: 1.348 loading class java/util/spi/ResourceBundleProvider
Event: 1.348 loading class java/util/spi/ResourceBundleProvider done
Event: 1.348 loading class sun/util/resources/LocaleData$LocaleDataResourceBundleProvider done
Event: 1.348 loading class sun/util/resources/LocaleData$CommonResourceBundleProvider done


Dynamic libraries:
0x00007ff75a9d0000 - 0x00007ff75a9e0000 	C:\Program Files\Java\jdk-17\bin\java.exe
0x00007ffd0ddb0000 - 0x00007ffd0dfa8000 	C:\WINDOWS\SYSTEM32\ntdll.dll
0x00007ffd0cf30000 - 0x00007ffd0cff2000 	C:\WINDOWS\System32\KERNEL32.DLL
0x00007ffd0b990000 - 0x00007ffd0bc8e000 	C:\WINDOWS\System32\KERNELBASE.dll
0x00007ffd0b890000 - 0x00007ffd0b990000 	C:\WINDOWS\System32\ucrtbase.dll
0x00007ffd03e70000 - 0x00007ffd03e88000 	C:\Program Files\Java\jdk-17\bin\jli.dll
0x00007ffd03e50000 - 0x00007ffd03e6a000 	C:\Program Files\Java\jdk-17\bin\VCRUNTIME140.dll
0x00007ffd0c020000 - 0x00007ffd0c0d2000 	C:\WINDOWS\System32\ADVAPI32.dll
0x00007ffd0be30000 - 0x00007ffd0bece000 	C:\WINDOWS\System32\msvcrt.dll
0x00007ffd0bf80000 - 0x00007ffd0c020000 	C:\WINDOWS\System32\sechost.dll
0x00007ffd0c230000 - 0x00007ffd0c353000 	C:\WINDOWS\System32\RPCRT4.dll
0x00007ffd0b450000 - 0x00007ffd0b477000 	C:\WINDOWS\System32\bcrypt.dll
0x00007ffd0c360000 - 0x00007ffd0c4fd000 	C:\WINDOWS\System32\USER32.dll
0x00007ffd0b860000 - 0x00007ffd0b882000 	C:\WINDOWS\System32\win32u.dll
0x00007ffcf8570000 - 0x00007ffcf880a000 	C:\WINDOWS\WinSxS\amd64_microsoft.windows.common-controls_6595b64144ccf1df_6.0.19041.4355_none_60b8b9eb71f62e16\COMCTL32.dll
0x00007ffd0c910000 - 0x00007ffd0c93b000 	C:\WINDOWS\System32\GDI32.dll
0x00007ffd0b650000 - 0x00007ffd0b767000 	C:\WINDOWS\System32\gdi32full.dll
0x00007ffd0b7c0000 - 0x00007ffd0b85d000 	C:\WINDOWS\System32\msvcp_win.dll
0x00007ffd03460000 - 0x00007ffd0346a000 	C:\WINDOWS\SYSTEM32\VERSION.dll
0x00007ffd0bf50000 - 0x00007ffd0bf7f000 	C:\WINDOWS\System32\IMM32.DLL
0x00007ffd03d20000 - 0x00007ffd03d2c000 	C:\Program Files\Java\jdk-17\bin\vcruntime140_1.dll
0x00007ffcf08e0000 - 0x00007ffcf096d000 	C:\Program Files\Java\jdk-17\bin\msvcp140.dll
0x00007ffcc7dd0000 - 0x00007ffcc898e000 	C:\Program Files\Java\jdk-17\bin\server\jvm.dll
0x00007ffd0c5d0000 - 0x00007ffd0c5d8000 	C:\WINDOWS\System32\PSAPI.DLL
0x00007ffcff920000 - 0x00007ffcff947000 	C:\WINDOWS\SYSTEM32\WINMM.dll
0x00007ffcf0460000 - 0x00007ffcf0469000 	C:\WINDOWS\SYSTEM32\WSOCK32.dll
0x00007ffd0c1c0000 - 0x00007ffd0c22b000 	C:\WINDOWS\System32\WS2_32.dll
0x00007ffd092b0000 - 0x00007ffd092c2000 	C:\WINDOWS\SYSTEM32\kernel.appcore.dll
0x00007ffd03d10000 - 0x00007ffd03d1a000 	C:\Program Files\Java\jdk-17\bin\jimage.dll
0x00007ffd02220000 - 0x00007ffd02404000 	C:\WINDOWS\SYSTEM32\DBGHELP.DLL
0x00007ffcfc150000 - 0x00007ffcfc184000 	C:\WINDOWS\SYSTEM32\dbgcore.DLL
0x00007ffd0bc90000 - 0x00007ffd0bd12000 	C:\WINDOWS\System32\bcryptPrimitives.dll
0x00007ffcf05f0000 - 0x00007ffcf0615000 	C:\Program Files\Java\jdk-17\bin\java.dll
0x00007ffce1170000 - 0x00007ffce1246000 	C:\Program Files\Java\jdk-17\bin\svml.dll
0x00007ffd0d0b0000 - 0x00007ffd0d81f000 	C:\WINDOWS\System32\SHELL32.dll
0x00007ffd094d0000 - 0x00007ffd09c74000 	C:\WINDOWS\SYSTEM32\windows.storage.dll
0x00007ffd0cbd0000 - 0x00007ffd0cf23000 	C:\WINDOWS\System32\combase.dll
0x00007ffd0ae10000 - 0x00007ffd0ae3e000 	C:\WINDOWS\SYSTEM32\Wldp.dll
0x00007ffd0c500000 - 0x00007ffd0c5cd000 	C:\WINDOWS\System32\OLEAUT32.dll
0x00007ffd0c950000 - 0x00007ffd0c9fd000 	C:\WINDOWS\System32\SHCORE.dll
0x00007ffd0c790000 - 0x00007ffd0c7e5000 	C:\WINDOWS\System32\shlwapi.dll
0x00007ffd0b380000 - 0x00007ffd0b3a4000 	C:\WINDOWS\SYSTEM32\profapi.dll
0x00007ffd03cf0000 - 0x00007ffd03d09000 	C:\Program Files\Java\jdk-17\bin\net.dll
0x00007ffd07cd0000 - 0x00007ffd07ddd000 	C:\WINDOWS\SYSTEM32\WINHTTP.dll
0x00007ffd0ab70000 - 0x00007ffd0abda000 	C:\WINDOWS\system32\mswsock.dll
0x00007ffd03c70000 - 0x00007ffd03c85000 	C:\Program Files\Java\jdk-17\bin\nio.dll
0x00007ffcfb640000 - 0x00007ffcfb658000 	C:\Program Files\Java\jdk-17\bin\zip.dll
0x00007ffcf05c0000 - 0x00007ffcf05e4000 	C:\Program Files\Maven\apache-maven-3.9.8\lib\jansi-native\Windows\x86_64\jansi.dll
0x00007ffd03c20000 - 0x00007ffd03c30000 	C:\Program Files\Java\jdk-17\bin\verify.dll

dbghelp: loaded successfully - version: 4.0.5 - missing functions: none
symbol engine: initialized successfully - sym options: 0x614 - pdb path: .;C:\Program Files\Java\jdk-17\bin;C:\WINDOWS\SYSTEM32;C:\WINDOWS\WinSxS\amd64_microsoft.windows.common-controls_6595b64144ccf1df_6.0.19041.4355_none_60b8b9eb71f62e16;C:\Program Files\Java\jdk-17\bin\server;C:\Program Files\Maven\apache-maven-3.9.8\lib\jansi-native\Windows\x86_64

VM Arguments:
jvm_args: -Dclassworlds.conf=C:\Program Files\Maven\apache-maven-3.9.8\bin\m2.conf -Dmaven.home=C:\Program Files\Maven\apache-maven-3.9.8 -Dlibrary.jansi.path=C:\Program Files\Maven\apache-maven-3.9.8\lib\jansi-native -Dmaven.multiModuleProjectDirectory=D:\pukul6\backend\new banget\bipa-login\discovery-service\discovery-service 
java_command: org.codehaus.plexus.classworlds.launcher.Launcher spring-boot:run
java_class_path (initial): C:\Program Files\Maven\apache-maven-3.9.8\boot\plexus-classworlds-2.8.0.jar
Launcher Type: SUN_STANDARD

[Global flags]
     intx CICompilerCount                          = 12                                        {product} {ergonomic}
     uint ConcGCThreads                            = 3                                         {product} {ergonomic}
     uint G1ConcRefinementThreads                  = 13                                        {product} {ergonomic}
   size_t G1HeapRegionSize                         = 2097152                                   {product} {ergonomic}
    uintx GCDrainStackTargetSize                   = 64                                        {product} {ergonomic}
   size_t InitialHeapSize                          = 260046848                                 {product} {ergonomic}
   size_t MarkStackSize                            = 4194304                                   {product} {ergonomic}
   size_t MaxHeapSize                              = 4135583744                                {product} {ergonomic}
   size_t MaxNewSize                               = 2480930816                                {product} {ergonomic}
   size_t MinHeapDeltaBytes                        = 2097152                                   {product} {ergonomic}
   size_t MinHeapSize                              = 8388608                                   {product} {ergonomic}
    uintx NonNMethodCodeHeapSize                   = 7602480                                {pd product} {ergonomic}
    uintx NonProfiledCodeHeapSize                  = 122027880                              {pd product} {ergonomic}
    uintx ProfiledCodeHeapSize                     = 122027880                              {pd product} {ergonomic}
    uintx ReservedCodeCacheSize                    = 251658240                              {pd product} {ergonomic}
     bool SegmentedCodeCache                       = true                                      {product} {ergonomic}
   size_t SoftMaxHeapSize                          = 4135583744                             {manageable} {ergonomic}
     bool UseCompressedClassPointers               = true                           {product lp64_product} {ergonomic}
     bool UseCompressedOops                        = true                           {product lp64_product} {ergonomic}
     bool UseG1GC                                  = true                                      {product} {ergonomic}
     bool UseLargePagesIndividualAllocation        = false                                  {pd product} {ergonomic}

Logging:
Log output configuration:
 #0: stdout all=warning uptime,level,tags
 #1: stderr all=off uptime,level,tags

Environment Variables:
PATH=C:\Program Files\Common Files\Oracle\Java\javapath;C:\Windows\system32;C:\Windows;C:\Windows\System32\Wbem;C:\Windows\System32\WindowsPowerShell\v1.0\;C:\Windows\System32\OpenSSH\;C:\Program Files (x86)\NVIDIA Corporation\PhysX\Common;C:\Program Files\NVIDIA Corporation\NVIDIA NvDLISR;C:\WINDOWS\system32;C:\WINDOWS;C:\WINDOWS\System32\Wbem;C:\WINDOWS\System32\WindowsPowerShell\v1.0\;C:\WINDOWS\System32\OpenSSH\;C:\Program Files\dotnet\;D:\idm\Compressed\php-8.3.7-Win32-vs16-x64;C:\ProgramData\ComposerSetup\bin;C:\Program Files\Git\cmd;C:\Program Files\Maven\apache-maven-3.9.8;C:\Users\Hamdan aja\Downloads\sonar-scanner-cli-6.1.0.4477-windows-x64\sonar-scanner-6.1.0.4477-windows-x64\bin;C:\Users\Hamdan aja\AppData\Local\Programs\Python\Python312;C:\Users\Hamdan aja\AppData\Roaming\Python\Python312\site-packages;C:\Program Files\nodejs\;%AppData%\npm;C:\Program Files\nodejs\;C:\Program Files\OpenSSL-Win64\bin;C:\Program Files\Cloudflare\Cloudflare WARP\;C:\Program Files\MySQL\MySQL Shell 8.0\bin\;C:\Users\Hamdan aja\AppData\Local\Programs\Python\Python312\Scripts\;C:\Users\Hamdan aja\AppData\Local\Programs\Python\Python312\;C:\Users\Hamdan aja\AppData\Local\Microsoft\WindowsApps;C:\Users\Hamdan aja\AppData\Roaming\Composer\vendor\bin;C:\Users\Hamdan aja\AppData\Local\Programs\Microsoft VS Code\bin;C:\Program Files\JetBrains\PyCharm 2024.1.2\bin;;C:\dart-sdk\bin;C:\Program Files\Maven\apache-maven-3.9.8;C:\Program Files\Maven\apache-maven-3.9.8\bin;C:\Program Files\JetBrains\IntelliJ IDEA Community Edition 2024.1.4\bin;;C:\Users\Hamdan aja\AppData\Local\GitHubDesktop\bin;C:\Users\Hamdan aja\AppData\Roaming\Python\Python312\site-packages;C:\Users\Hamdan aja\AppData\Local\Microsoft\WinGet\Packages\Schniz.fnm_Microsoft.Winget.Source_8wekyb3d8bbwe;C:\Users\Hamdan aja\AppData\Roaming\npm
USERNAME=Hamdan aja
OS=Windows_NT
PROCESSOR_IDENTIFIER=AMD64 Family 25 Model 80 Stepping 0, AuthenticAMD



---------------  S Y S T E M  ---------------

OS:
 Windows 10 , 64 bit Build 19041 (10.0.19041.4957)
OS uptime: 1 days 5:40 hours

CPU: total 16 (initial active 16) (16 cores per cpu, 2 threads per core) family 25 model 80 stepping 0 microcode 0x0, cx8, cmov, fxsr, ht, mmx, 3dnowpref, sse, sse2, sse3, ssse3, sse4a, sse4.1, sse4.2, popcnt, lzcnt, tsc, tscinvbit, avx, avx2, aes, erms, clmul, bmi1, bmi2, adx, sha, fma, vzeroupper, clflush, clflushopt

Memory: 4k page, system-wide physical 15773M (886M free)
TotalPageFile size 29005M (AvailPageFile size 5M)
current process WorkingSet (physical memory assigned to process): 129M, peak: 130M
current process commit charge ("private bytes"): 398M, peak: 399M

vm_info: Java HotSpot(TM) 64-Bit Server VM (17+35-LTS-2724) for windows-amd64 JRE (17+35-LTS-2724), built on Aug  5 2021 23:28:28 by "mach5one" with MS VC++ 16.8 (VS2019)

END.
